\BOOKMARK [1][-]{section.1}{\376\377\000W\000p\000r\000o\000w\000a\000d\000z\000e\000n\000i\000e}{}% 1
\BOOKMARK [1][-]{section.2}{\376\377\000S\000c\000h\000e\000m\000a\000t\000\040\000b\000i\000e\000g\000n\001\005\000c\000e\000j\000\040\000m\000a\000s\000y\000\040\000P\000l\000a\000n\000c\000k\000a}{}% 2
\BOOKMARK [2][-]{subsection.2.1}{\376\377\000P\000r\000o\000g\000o\000w\000e\000\040\000p\000o\000c\000h\000o\000d\000z\000e\000n\000i\000e\000\040\000F\000\050\000\051\000\040\000z\000\040\000c\000i\001\031\001\174\000k\000i\000e\000g\000o\000\040\000s\000e\000k\000t\000o\000r\000a}{section.2}% 3
\BOOKMARK [2][-]{subsection.2.2}{\376\377\000G\000r\000a\000n\000i\000c\000a\000\040\000g\000a\000u\000s\000s\000o\000w\000s\000k\000a\000\040\000i\000n\000s\000p\000i\000r\000o\000w\000a\000n\000a\000\040\000F\000R\000G}{section.2}% 4
\BOOKMARK [1][-]{section.3}{\376\377\000P\000o\000c\000h\000o\000d\000z\000e\000n\000i\000e\000\040\000a\000t\000r\000a\000k\000t\000o\000r\000a}{}% 5
\BOOKMARK [1][-]{section.4}{\376\377\000O\000b\000s\000e\000r\000w\000a\000b\000l\000e\000\040\000i\000n\000f\000l\000a\000c\000y\000j\000n\000e}{}% 6
\BOOKMARK [1][-]{section.5}{\376\377\000T\000e\000s\000t\000y\000\040\000o\000d\000p\000o\000r\000n\000o\001\133\000c\000i}{}% 7
\BOOKMARK [1][-]{section.6}{\376\377\000O\000g\000r\000a\000n\000i\000c\000z\000e\000n\000i\000a\000\040\000k\000o\000s\000m\000o\000l\000o\000g\000i\000c\000z\000n\000e\000\040\000i\000\040\000p\000o\000t\000o\000k\000\040\000o\000b\000l\000i\000c\000z\000e\000n\000i\000o\000w\000y}{}% 8
\BOOKMARK [2][-]{subsection.6.1}{\376\377\000P\000r\000\363\000b\000k\000o\000w\000a\000n\000i\000e\000\040\000z\000a\000g\000n\000i\000e\001\174\000d\001\174\000o\000n\000e\000\040\000i\000\040\000e\000w\000i\000d\000e\000n\000c\000j\000a\000\040\000b\000a\000y\000e\000s\000o\000w\000s\000k\000a}{section.6}% 9
\BOOKMARK [1][-]{section.7}{\376\377\000N\000i\000e\000z\000d\000e\000g\000e\000n\000e\000r\000o\000w\000a\000n\000i\000e\000\040\000z\000\040\000-\000a\000t\000r\000a\000k\000t\000o\000r\000a\000m\000i}{}% 10
\BOOKMARK [1][-]{section.8}{\376\377\000P\000e\000r\000s\000p\000e\000k\000t\000y\000w\000a\000\040\000g\000r\000u\000p\000y\000\040\000r\000e\000n\000o\000r\000m\000a\000l\000i\000z\000a\000c\000j\000i}{}% 11
\BOOKMARK [1][-]{section.9}{\376\377\000R\000e\000p\000r\000e\000z\000e\000n\000t\000a\000t\000y\000w\000n\000e\000\040\000r\000y\000s\000u\000n\000k\000i}{}% 12
\BOOKMARK [1][-]{section.10}{\376\377\000W\000n\000i\000o\000s\000k\000i\000\040\000i\000\040\000p\000e\000r\000s\000p\000e\000k\000t\000y\000w\000y}{}% 13
\BOOKMARK [1][-]{section.11}{\376\377\000S\000t\000a\000b\000i\000l\000n\000o\001\133\001\007\000\040\000p\000e\000r\000t\000u\000r\000b\000a\000c\000j\000i\000\040\000s\000k\000a\000l\000a\000r\000n\000y\000c\000h}{}% 14
\BOOKMARK [1][-]{section.12}{\376\377\000B\000a\000s\000e\000n\000\040\000p\000r\000z\000y\000c\000i\001\005\000g\000a\000n\000i\000a}{}% 15
\BOOKMARK [1][-]{section.13}{\376\377\000O\000b\000j\001\031\000t\000o\001\133\001\007\000\040\000p\000l\000a\000t\000e\000a\000u\000\040\000i\000\040\000d\000i\000a\000g\000n\000o\000s\000t\000y\000k\000a\000\040\000s\000t\000r\000o\000j\000e\000n\000i\000a}{}% 16
\BOOKMARK [1][-]{section.14}{\376\377\000W\000a\001\174\000n\000o\001\133\001\007\000\040\000E\000F\000T\000\040\000i\000\040\000h\000i\000e\000r\000a\000r\000c\000h\000i\000a\000\040\000o\000b\000c\000i\001\031\000c\000i\000a}{}% 17
\BOOKMARK [1][-]{section.15}{\376\377\000I\000d\000e\000n\000t\000y\000f\000i\000k\000a\000c\000j\000a\000\040\000s\000k\000a\000l\000i\000\040\000i\000n\000s\000p\000i\000r\000o\000w\000a\000n\000a\000\040\000F\000R\000G}{}% 18
\BOOKMARK [1][-]{section.16}{\376\377\000D\000o\000s\000t\001\031\000p\000n\000o\001\133\001\007\000\040\000d\000a\000n\000y\000c\000h}{}% 19
\BOOKMARK [1][-]{appendix.A}{\376\377\000D\000o\000d\000a\000t\000e\000k\000\040\000A\000\040\040\024\000\040\000W\000e\000r\000y\000f\000i\000k\000a\000c\000j\000a\000\040\000n\000u\000m\000e\000r\000y\000c\000z\000n\000a\000\040\000z\000\040\000C\000L\000A\000S\000S}{}% 20
\BOOKMARK [1][-]{appendix.B}{\376\377\000D\000o\000d\000a\000t\000e\000k\000\040\000B\000\040\040\024\000\040\000I\000m\000p\000l\000e\000m\000e\000n\000t\000a\000c\000j\000a\000\040\000C\000L\000A\000S\000S\000\040\000p\000r\000z\000e\000z\000\040\000w\000i\000d\000m\000a\000\040\000z\000e\000w\000n\001\031\000t\000r\000z\000n\000e}{}% 21
