\BOOKMARK [1][-]{section.1}{\376\377\000I\000n\000t\000r\000o\000d\000u\000c\000t\000i\000o\000n}{}% 1
\BOOKMARK [1][-]{section.2}{\376\377\000R\000u\000n\000n\000i\000n\000g\000\040\000P\000l\000a\000n\000c\000k\000\040\000M\000a\000s\000s\000\040\000F\000r\000a\000m\000e\000w\000o\000r\000k}{}% 2
\BOOKMARK [2][-]{subsection.2.1}{\376\377\000H\000e\000a\000v\000y\000-\000t\000h\000r\000e\000s\000h\000o\000l\000d\000\040\000o\000r\000i\000g\000i\000n\000\040\000o\000f\000\040\000F\000\050\000\051}{section.2}% 3
\BOOKMARK [2][-]{subsection.2.2}{\376\377\000F\000R\000G\000-\000i\000n\000s\000p\000i\000r\000e\000d\000\040\000G\000a\000u\000s\000s\000i\000a\000n\000\040\000l\000i\000m\000i\000t}{section.2}% 4
\BOOKMARK [1][-]{section.3}{\376\377\000O\000r\000i\000g\000i\000n\000\040\000o\000f\000\040\000t\000h\000e\000\040\000A\000t\000t\000r\000a\000c\000t\000o\000r}{}% 5
\BOOKMARK [1][-]{section.4}{\376\377\000I\000n\000f\000l\000a\000t\000i\000o\000n\000a\000r\000y\000\040\000O\000b\000s\000e\000r\000v\000a\000b\000l\000e\000s}{}% 6
\BOOKMARK [1][-]{section.5}{\376\377\000R\000o\000b\000u\000s\000t\000n\000e\000s\000s\000\040\000T\000e\000s\000t\000s}{}% 7
\BOOKMARK [1][-]{section.6}{\376\377\000C\000o\000s\000m\000o\000l\000o\000g\000i\000c\000a\000l\000\040\000C\000o\000n\000s\000t\000r\000a\000i\000n\000t\000s\000\040\000a\000n\000d\000\040\000P\000i\000p\000e\000l\000i\000n\000e}{}% 8
\BOOKMARK [2][-]{subsection.6.1}{\376\377\000N\000e\000s\000t\000e\000d\000\040\000s\000a\000m\000p\000l\000i\000n\000g\000\040\000a\000n\000d\000\040\000B\000a\000y\000e\000s\000i\000a\000n\000\040\000e\000v\000i\000d\000e\000n\000c\000e}{section.6}% 9
\BOOKMARK [1][-]{section.7}{\376\377\000N\000o\000n\000-\000d\000e\000g\000e\000n\000e\000r\000a\000c\000y\000\040\000w\000i\000t\000h\000\040\000-\000a\000t\000t\000r\000a\000c\000t\000o\000r\000s}{}% 10
\BOOKMARK [1][-]{section.8}{\376\377\000R\000e\000n\000o\000r\000m\000a\000l\000i\000z\000a\000t\000i\000o\000n\000-\000G\000r\000o\000u\000p\000\040\000P\000e\000r\000s\000p\000e\000c\000t\000i\000v\000e}{}% 11
\BOOKMARK [1][-]{section.9}{\376\377\000R\000e\000p\000r\000e\000s\000e\000n\000t\000a\000t\000i\000v\000e\000\040\000F\000i\000g\000u\000r\000e\000s}{}% 12
\BOOKMARK [1][-]{section.10}{\376\377\000C\000o\000n\000c\000l\000u\000s\000i\000o\000n\000s\000\040\000a\000n\000d\000\040\000O\000u\000t\000l\000o\000o\000k}{}% 13
\BOOKMARK [1][-]{section.11}{\376\377\000S\000t\000a\000b\000i\000l\000i\000t\000y\000\040\000o\000f\000\040\000S\000c\000a\000l\000a\000r\000\040\000P\000e\000r\000t\000u\000r\000b\000a\000t\000i\000o\000n\000s}{}% 14
\BOOKMARK [1][-]{section.12}{\376\377\000B\000a\000s\000i\000n\000\040\000o\000f\000\040\000A\000t\000t\000r\000a\000c\000t\000i\000o\000n}{}% 15
\BOOKMARK [1][-]{section.13}{\376\377\000P\000l\000a\000t\000e\000a\000u\000\040\000V\000o\000l\000u\000m\000e\000\040\000a\000n\000d\000\040\000T\000u\000n\000i\000n\000g\000\040\000D\000i\000a\000g\000n\000o\000s\000t\000i\000c}{}% 16
\BOOKMARK [1][-]{section.14}{\376\377\000E\000F\000T\000\040\000V\000a\000l\000i\000d\000i\000t\000y\000\040\000a\000n\000d\000\040\000C\000u\000t\000o\000f\000f\000\040\000H\000i\000e\000r\000a\000r\000c\000h\000y}{}% 17
\BOOKMARK [1][-]{section.15}{\376\377\000F\000R\000G\000-\000i\000n\000s\000p\000i\000r\000e\000d\000\040\000S\000c\000a\000l\000e\000\040\000I\000d\000e\000n\000t\000i\000f\000i\000c\000a\000t\000i\000o\000n}{}% 18
\BOOKMARK [1][-]{section.16}{\376\377\000D\000a\000t\000a\000\040\000A\000v\000a\000i\000l\000a\000b\000i\000l\000i\000t\000y}{}% 19
\BOOKMARK [1][-]{appendix.A}{\376\377\000A\000p\000p\000e\000n\000d\000i\000x\000\040\000A\000\040\040\024\000\040\000N\000u\000m\000e\000r\000i\000c\000a\000l\000\040\000v\000e\000r\000i\000f\000i\000c\000a\000t\000i\000o\000n\000\040\000w\000i\000t\000h\000\040\000C\000L\000A\000S\000S}{}% 20
\BOOKMARK [1][-]{appendix.B}{\376\377\000A\000p\000p\000e\000n\000d\000i\000x\000\040\000B\000\040\040\024\000\040\000C\000L\000A\000S\000S\000\040\000i\000m\000p\000l\000e\000m\000e\000n\000t\000a\000t\000i\000o\000n\000\040\000v\000i\000a\000\040\000e\000x\000t\000e\000r\000n\000a\000l\000\040\000s\000p\000e\000c\000t\000r\000a}{}% 21
